<?xml version="1.0" encoding="UTF-8"?>
<!-- Generated by org.testng.reporters.JUnitReportReporter -->
<testsuite hostname="PC_Chakroun" failures="0" tests="1" name="com.todos.tests.AddTodoTest" time="2.892" errors="0" timestamp="06 mai 2024 22:01:26 GMT" skipped="0">
  <testcase classname="com.todos.tests.AddTodoTest" name="iCanAddTodo" time="2.892"/>
</testsuite> <!-- com.todos.tests.AddTodoTest -->
